time="2024-09-04T13:36:48-04:00" level=debug msg="OpenShift Installer 4.14.35"
time="2024-09-04T13:36:48-04:00" level=debug msg="Built from commit 0363a65f4b5504f77bdb37fba93a3e0f4deadce1"
time="2024-09-04T13:36:48-04:00" level=debug msg="Fetching Master Machines..."
time="2024-09-04T13:36:48-04:00" level=debug msg="Loading Master Machines..."
time="2024-09-04T13:36:48-04:00" level=debug msg="  Loading Cluster ID..."
time="2024-09-04T13:36:48-04:00" level=debug msg="    Loading Install Config..."
time="2024-09-04T13:36:48-04:00" level=debug msg="      Loading SSH Key..."
time="2024-09-04T13:36:48-04:00" level=debug msg="      Loading Base Domain..."
time="2024-09-04T13:36:48-04:00" level=debug msg="        Loading Platform..."
time="2024-09-04T13:36:48-04:00" level=debug msg="      Loading Cluster Name..."
time="2024-09-04T13:36:48-04:00" level=debug msg="        Loading Base Domain..."
time="2024-09-04T13:36:48-04:00" level=debug msg="        Loading Platform..."
time="2024-09-04T13:36:48-04:00" level=debug msg="      Loading Networking..."
time="2024-09-04T13:36:48-04:00" level=debug msg="        Loading Platform..."
time="2024-09-04T13:36:48-04:00" level=debug msg="      Loading Pull Secret..."
time="2024-09-04T13:36:48-04:00" level=debug msg="      Loading Platform..."
time="2024-09-04T13:36:48-04:00" level=debug msg="    Using Install Config loaded from target directory"
time="2024-09-04T13:36:48-04:00" level=debug msg="  Loading Platform Credentials Check..."
time="2024-09-04T13:36:48-04:00" level=debug msg="    Loading Install Config..."
time="2024-09-04T13:36:48-04:00" level=debug msg="  Loading Install Config..."
time="2024-09-04T13:36:48-04:00" level=debug msg="  Loading Image..."
time="2024-09-04T13:36:48-04:00" level=debug msg="    Loading Install Config..."
time="2024-09-04T13:36:48-04:00" level=debug msg="  Loading Master Ignition Config..."
time="2024-09-04T13:36:48-04:00" level=debug msg="    Loading Install Config..."
time="2024-09-04T13:36:48-04:00" level=debug msg="    Loading Machine Config Server Root CA..."
time="2024-09-04T13:36:48-04:00" level=debug msg="  Fetching Cluster ID..."
time="2024-09-04T13:36:48-04:00" level=debug msg="    Fetching Install Config..."
time="2024-09-04T13:36:48-04:00" level=debug msg="    Reusing previously-fetched Install Config"
time="2024-09-04T13:36:48-04:00" level=debug msg="  Generating Cluster ID..."
time="2024-09-04T13:36:48-04:00" level=debug msg="  Fetching Platform Credentials Check..."
time="2024-09-04T13:36:48-04:00" level=debug msg="    Fetching Install Config..."
time="2024-09-04T13:36:48-04:00" level=debug msg="    Reusing previously-fetched Install Config"
time="2024-09-04T13:36:48-04:00" level=debug msg="  Generating Platform Credentials Check..."
time="2024-09-04T13:36:48-04:00" level=debug msg="  Fetching Install Config..."
time="2024-09-04T13:36:48-04:00" level=debug msg="  Reusing previously-fetched Install Config"
time="2024-09-04T13:36:48-04:00" level=debug msg="  Fetching Image..."
time="2024-09-04T13:36:48-04:00" level=debug msg="    Fetching Install Config..."
time="2024-09-04T13:36:48-04:00" level=debug msg="    Reusing previously-fetched Install Config"
time="2024-09-04T13:36:48-04:00" level=debug msg="  Generating Image..."
time="2024-09-04T13:36:48-04:00" level=debug msg="  Fetching Master Ignition Config..."
time="2024-09-04T13:36:48-04:00" level=debug msg="    Fetching Install Config..."
time="2024-09-04T13:36:48-04:00" level=debug msg="    Reusing previously-fetched Install Config"
time="2024-09-04T13:36:48-04:00" level=debug msg="    Fetching Machine Config Server Root CA..."
time="2024-09-04T13:36:48-04:00" level=debug msg="    Generating Machine Config Server Root CA..."
time="2024-09-04T13:36:48-04:00" level=debug msg="  Generating Master Ignition Config..."
time="2024-09-04T13:36:48-04:00" level=debug msg="Generating Master Machines..."
time="2024-09-04T13:36:48-04:00" level=info msg="Consuming Install Config from target directory"
time="2024-09-04T13:36:48-04:00" level=debug msg="Purging asset \"Install Config\" from disk"
time="2024-09-04T13:36:48-04:00" level=debug msg="Fetching Worker Machines..."
time="2024-09-04T13:36:48-04:00" level=debug msg="Loading Worker Machines..."
time="2024-09-04T13:36:48-04:00" level=debug msg="  Loading Cluster ID..."
time="2024-09-04T13:36:48-04:00" level=debug msg="  Loading Platform Credentials Check..."
time="2024-09-04T13:36:48-04:00" level=debug msg="  Loading Install Config..."
time="2024-09-04T13:36:48-04:00" level=debug msg="  Loading Image..."
time="2024-09-04T13:36:48-04:00" level=debug msg="  Loading Release..."
time="2024-09-04T13:36:48-04:00" level=debug msg="    Loading Install Config..."
time="2024-09-04T13:36:48-04:00" level=debug msg="  Loading Worker Ignition Config..."
time="2024-09-04T13:36:48-04:00" level=debug msg="    Loading Install Config..."
time="2024-09-04T13:36:48-04:00" level=debug msg="    Loading Machine Config Server Root CA..."
time="2024-09-04T13:36:48-04:00" level=debug msg="  Fetching Cluster ID..."
time="2024-09-04T13:36:48-04:00" level=debug msg="  Reusing previously-fetched Cluster ID"
time="2024-09-04T13:36:48-04:00" level=debug msg="  Fetching Platform Credentials Check..."
time="2024-09-04T13:36:48-04:00" level=debug msg="  Reusing previously-fetched Platform Credentials Check"
time="2024-09-04T13:36:48-04:00" level=debug msg="  Fetching Install Config..."
time="2024-09-04T13:36:48-04:00" level=debug msg="  Reusing previously-fetched Install Config"
time="2024-09-04T13:36:48-04:00" level=debug msg="  Fetching Image..."
time="2024-09-04T13:36:48-04:00" level=debug msg="  Reusing previously-fetched Image"
time="2024-09-04T13:36:48-04:00" level=debug msg="  Fetching Release..."
time="2024-09-04T13:36:48-04:00" level=debug msg="    Fetching Install Config..."
time="2024-09-04T13:36:48-04:00" level=debug msg="    Reusing previously-fetched Install Config"
time="2024-09-04T13:36:48-04:00" level=debug msg="  Generating Release..."
time="2024-09-04T13:36:48-04:00" level=debug msg="  Fetching Worker Ignition Config..."
time="2024-09-04T13:36:48-04:00" level=debug msg="    Fetching Install Config..."
time="2024-09-04T13:36:48-04:00" level=debug msg="    Reusing previously-fetched Install Config"
time="2024-09-04T13:36:48-04:00" level=debug msg="    Fetching Machine Config Server Root CA..."
time="2024-09-04T13:36:48-04:00" level=debug msg="    Reusing previously-fetched Machine Config Server Root CA"
time="2024-09-04T13:36:48-04:00" level=debug msg="  Generating Worker Ignition Config..."
time="2024-09-04T13:36:48-04:00" level=debug msg="Generating Worker Machines..."
time="2024-09-04T13:36:48-04:00" level=debug msg="Fetching Common Manifests..."
time="2024-09-04T13:36:48-04:00" level=debug msg="Loading Common Manifests..."
time="2024-09-04T13:36:48-04:00" level=debug msg="  Loading Cluster ID..."
time="2024-09-04T13:36:48-04:00" level=debug msg="  Loading Install Config..."
time="2024-09-04T13:36:48-04:00" level=debug msg="  Loading Ingress Config..."
time="2024-09-04T13:36:48-04:00" level=debug msg="    Loading Install Config..."
time="2024-09-04T13:36:48-04:00" level=debug msg="  Loading DNS Config..."
time="2024-09-04T13:36:48-04:00" level=debug msg="    Loading Install Config..."
time="2024-09-04T13:36:48-04:00" level=debug msg="    Loading Cluster ID..."
time="2024-09-04T13:36:48-04:00" level=debug msg="    Loading Platform Credentials Check..."
time="2024-09-04T13:36:48-04:00" level=debug msg="  Loading Infrastructure Config..."
time="2024-09-04T13:36:48-04:00" level=debug msg="    Loading Cluster ID..."
time="2024-09-04T13:36:48-04:00" level=debug msg="    Loading Install Config..."
time="2024-09-04T13:36:48-04:00" level=debug msg="    Loading Cloud Provider Config..."
time="2024-09-04T13:36:48-04:00" level=debug msg="      Loading Install Config..."
time="2024-09-04T13:36:48-04:00" level=debug msg="      Loading Cluster ID..."
time="2024-09-04T13:36:48-04:00" level=debug msg="      Loading Platform Credentials Check..."
time="2024-09-04T13:36:48-04:00" level=debug msg="    Loading Additional Trust Bundle Config..."
time="2024-09-04T13:36:48-04:00" level=debug msg="      Loading Install Config..."
time="2024-09-04T13:36:48-04:00" level=debug msg="  Loading Network Config..."
time="2024-09-04T13:36:48-04:00" level=debug msg="    Loading Install Config..."
time="2024-09-04T13:36:48-04:00" level=debug msg="    Loading Network CRDs..."
time="2024-09-04T13:36:48-04:00" level=debug msg="  Loading Proxy Config..."
time="2024-09-04T13:36:48-04:00" level=debug msg="    Loading Install Config..."
time="2024-09-04T13:36:48-04:00" level=debug msg="    Loading Network Config..."
time="2024-09-04T13:36:48-04:00" level=debug msg="  Loading Scheduler Config..."
time="2024-09-04T13:36:48-04:00" level=debug msg="    Loading Install Config..."
time="2024-09-04T13:36:48-04:00" level=debug msg="  Loading Image Content Source Policy..."
time="2024-09-04T13:36:48-04:00" level=debug msg="    Loading Install Config..."
time="2024-09-04T13:36:48-04:00" level=debug msg="  Loading Cluster CSI Driver Config..."
time="2024-09-04T13:36:48-04:00" level=debug msg="    Loading Install Config..."
time="2024-09-04T13:36:48-04:00" level=debug msg="    Loading Cluster ID..."
time="2024-09-04T13:36:48-04:00" level=debug msg="  Loading Image Digest Mirror Set..."
time="2024-09-04T13:36:48-04:00" level=debug msg="    Loading Install Config..."
time="2024-09-04T13:36:48-04:00" level=debug msg="  Loading Machine Config Server Root CA..."
time="2024-09-04T13:36:48-04:00" level=debug msg="  Loading Certificate (mcs)..."
time="2024-09-04T13:36:48-04:00" level=debug msg="    Loading Machine Config Server Root CA..."
time="2024-09-04T13:36:48-04:00" level=debug msg="    Loading Install Config..."
time="2024-09-04T13:36:48-04:00" level=debug msg="  Loading CVOOverrides..."
time="2024-09-04T13:36:48-04:00" level=debug msg="  Loading KubeCloudConfig..."
time="2024-09-04T13:36:48-04:00" level=debug msg="  Loading KubeSystemConfigmapRootCA..."
time="2024-09-04T13:36:48-04:00" level=debug msg="  Loading MachineConfigServerTLSSecret..."
time="2024-09-04T13:36:48-04:00" level=debug msg="  Loading OpenshiftConfigSecretPullSecret..."
time="2024-09-04T13:36:48-04:00" level=debug msg="  Fetching Cluster ID..."
time="2024-09-04T13:36:48-04:00" level=debug msg="  Reusing previously-fetched Cluster ID"
time="2024-09-04T13:36:48-04:00" level=debug msg="  Fetching Install Config..."
time="2024-09-04T13:36:48-04:00" level=debug msg="  Reusing previously-fetched Install Config"
time="2024-09-04T13:36:48-04:00" level=debug msg="  Fetching Ingress Config..."
time="2024-09-04T13:36:48-04:00" level=debug msg="    Fetching Install Config..."
time="2024-09-04T13:36:48-04:00" level=debug msg="    Reusing previously-fetched Install Config"
time="2024-09-04T13:36:48-04:00" level=debug msg="  Generating Ingress Config..."
time="2024-09-04T13:36:48-04:00" level=debug msg="  Fetching DNS Config..."
time="2024-09-04T13:36:48-04:00" level=debug msg="    Fetching Install Config..."
time="2024-09-04T13:36:48-04:00" level=debug msg="    Reusing previously-fetched Install Config"
time="2024-09-04T13:36:48-04:00" level=debug msg="    Fetching Cluster ID..."
time="2024-09-04T13:36:48-04:00" level=debug msg="    Reusing previously-fetched Cluster ID"
time="2024-09-04T13:36:48-04:00" level=debug msg="    Fetching Platform Credentials Check..."
time="2024-09-04T13:36:48-04:00" level=debug msg="    Reusing previously-fetched Platform Credentials Check"
time="2024-09-04T13:36:48-04:00" level=debug msg="  Generating DNS Config..."
time="2024-09-04T13:36:48-04:00" level=debug msg="  Fetching Infrastructure Config..."
time="2024-09-04T13:36:48-04:00" level=debug msg="    Fetching Cluster ID..."
time="2024-09-04T13:36:48-04:00" level=debug msg="    Reusing previously-fetched Cluster ID"
time="2024-09-04T13:36:48-04:00" level=debug msg="    Fetching Install Config..."
time="2024-09-04T13:36:48-04:00" level=debug msg="    Reusing previously-fetched Install Config"
time="2024-09-04T13:36:48-04:00" level=debug msg="    Fetching Cloud Provider Config..."
time="2024-09-04T13:36:48-04:00" level=debug msg="      Fetching Install Config..."
time="2024-09-04T13:36:48-04:00" level=debug msg="      Reusing previously-fetched Install Config"
time="2024-09-04T13:36:48-04:00" level=debug msg="      Fetching Cluster ID..."
time="2024-09-04T13:36:48-04:00" level=debug msg="      Reusing previously-fetched Cluster ID"
time="2024-09-04T13:36:48-04:00" level=debug msg="      Fetching Platform Credentials Check..."
time="2024-09-04T13:36:48-04:00" level=debug msg="      Reusing previously-fetched Platform Credentials Check"
time="2024-09-04T13:36:48-04:00" level=debug msg="    Generating Cloud Provider Config..."
time="2024-09-04T13:36:48-04:00" level=debug msg="    Fetching Additional Trust Bundle Config..."
time="2024-09-04T13:36:48-04:00" level=debug msg="      Fetching Install Config..."
time="2024-09-04T13:36:48-04:00" level=debug msg="      Reusing previously-fetched Install Config"
time="2024-09-04T13:36:48-04:00" level=debug msg="    Generating Additional Trust Bundle Config..."
time="2024-09-04T13:36:48-04:00" level=debug msg="  Generating Infrastructure Config..."
time="2024-09-04T13:36:48-04:00" level=debug msg="  Fetching Network Config..."
time="2024-09-04T13:36:48-04:00" level=debug msg="    Fetching Install Config..."
time="2024-09-04T13:36:48-04:00" level=debug msg="    Reusing previously-fetched Install Config"
time="2024-09-04T13:36:48-04:00" level=debug msg="    Fetching Network CRDs..."
time="2024-09-04T13:36:48-04:00" level=debug msg="    Generating Network CRDs..."
time="2024-09-04T13:36:48-04:00" level=debug msg="  Generating Network Config..."
time="2024-09-04T13:36:48-04:00" level=debug msg="  Fetching Proxy Config..."
time="2024-09-04T13:36:48-04:00" level=debug msg="    Fetching Install Config..."
time="2024-09-04T13:36:48-04:00" level=debug msg="    Reusing previously-fetched Install Config"
time="2024-09-04T13:36:48-04:00" level=debug msg="    Fetching Network Config..."
time="2024-09-04T13:36:48-04:00" level=debug msg="    Reusing previously-fetched Network Config"
time="2024-09-04T13:36:48-04:00" level=debug msg="  Generating Proxy Config..."
time="2024-09-04T13:36:48-04:00" level=debug msg="  Fetching Scheduler Config..."
time="2024-09-04T13:36:48-04:00" level=debug msg="    Fetching Install Config..."
time="2024-09-04T13:36:48-04:00" level=debug msg="    Reusing previously-fetched Install Config"
time="2024-09-04T13:36:48-04:00" level=debug msg="  Generating Scheduler Config..."
time="2024-09-04T13:36:48-04:00" level=warning msg="Making control-plane schedulable by setting MastersSchedulable to true for Scheduler cluster settings"
time="2024-09-04T13:36:48-04:00" level=debug msg="  Fetching Image Content Source Policy..."
time="2024-09-04T13:36:48-04:00" level=debug msg="    Fetching Install Config..."
time="2024-09-04T13:36:48-04:00" level=debug msg="    Reusing previously-fetched Install Config"
time="2024-09-04T13:36:48-04:00" level=debug msg="  Generating Image Content Source Policy..."
time="2024-09-04T13:36:48-04:00" level=debug msg="  Fetching Cluster CSI Driver Config..."
time="2024-09-04T13:36:48-04:00" level=debug msg="    Fetching Install Config..."
time="2024-09-04T13:36:48-04:00" level=debug msg="    Reusing previously-fetched Install Config"
time="2024-09-04T13:36:48-04:00" level=debug msg="    Fetching Cluster ID..."
time="2024-09-04T13:36:48-04:00" level=debug msg="    Reusing previously-fetched Cluster ID"
time="2024-09-04T13:36:48-04:00" level=debug msg="  Generating Cluster CSI Driver Config..."
time="2024-09-04T13:36:48-04:00" level=debug msg="  Fetching Image Digest Mirror Set..."
time="2024-09-04T13:36:48-04:00" level=debug msg="    Fetching Install Config..."
time="2024-09-04T13:36:48-04:00" level=debug msg="    Reusing previously-fetched Install Config"
time="2024-09-04T13:36:48-04:00" level=debug msg="  Generating Image Digest Mirror Set..."
time="2024-09-04T13:36:48-04:00" level=debug msg="  Fetching Machine Config Server Root CA..."
time="2024-09-04T13:36:48-04:00" level=debug msg="  Reusing previously-fetched Machine Config Server Root CA"
time="2024-09-04T13:36:48-04:00" level=debug msg="  Fetching Certificate (mcs)..."
time="2024-09-04T13:36:48-04:00" level=debug msg="    Fetching Machine Config Server Root CA..."
time="2024-09-04T13:36:48-04:00" level=debug msg="    Reusing previously-fetched Machine Config Server Root CA"
time="2024-09-04T13:36:48-04:00" level=debug msg="    Fetching Install Config..."
time="2024-09-04T13:36:48-04:00" level=debug msg="    Reusing previously-fetched Install Config"
time="2024-09-04T13:36:48-04:00" level=debug msg="  Generating Certificate (mcs)..."
time="2024-09-04T13:36:48-04:00" level=debug msg="  Fetching CVOOverrides..."
time="2024-09-04T13:36:48-04:00" level=debug msg="  Generating CVOOverrides..."
time="2024-09-04T13:36:48-04:00" level=debug msg="  Fetching KubeCloudConfig..."
time="2024-09-04T13:36:48-04:00" level=debug msg="  Generating KubeCloudConfig..."
time="2024-09-04T13:36:48-04:00" level=debug msg="  Fetching KubeSystemConfigmapRootCA..."
time="2024-09-04T13:36:48-04:00" level=debug msg="  Generating KubeSystemConfigmapRootCA..."
time="2024-09-04T13:36:48-04:00" level=debug msg="  Fetching MachineConfigServerTLSSecret..."
time="2024-09-04T13:36:48-04:00" level=debug msg="  Generating MachineConfigServerTLSSecret..."
time="2024-09-04T13:36:48-04:00" level=debug msg="  Fetching OpenshiftConfigSecretPullSecret..."
time="2024-09-04T13:36:48-04:00" level=debug msg="  Generating OpenshiftConfigSecretPullSecret..."
time="2024-09-04T13:36:48-04:00" level=debug msg="Generating Common Manifests..."
time="2024-09-04T13:36:48-04:00" level=debug msg="Fetching Openshift Manifests..."
time="2024-09-04T13:36:48-04:00" level=debug msg="Loading Openshift Manifests..."
time="2024-09-04T13:36:48-04:00" level=debug msg="  Loading Install Config..."
time="2024-09-04T13:36:48-04:00" level=debug msg="  Loading Cluster ID..."
time="2024-09-04T13:36:48-04:00" level=debug msg="  Loading Kubeadmin Password..."
time="2024-09-04T13:36:48-04:00" level=debug msg="  Loading OpenShift Install (Manifests)..."
time="2024-09-04T13:36:48-04:00" level=debug msg="  Loading Feature Gate Config..."
time="2024-09-04T13:36:48-04:00" level=debug msg="    Loading Install Config..."
time="2024-09-04T13:36:48-04:00" level=debug msg="  Loading CloudCredsSecret..."
time="2024-09-04T13:36:48-04:00" level=debug msg="  Loading KubeadminPasswordSecret..."
time="2024-09-04T13:36:48-04:00" level=debug msg="  Loading RoleCloudCredsSecretReader..."
time="2024-09-04T13:36:48-04:00" level=debug msg="  Loading Baremetal Config CR..."
time="2024-09-04T13:36:48-04:00" level=debug msg="  Loading Image..."
time="2024-09-04T13:36:48-04:00" level=debug msg="  Loading AzureCloudProviderSecret..."
time="2024-09-04T13:36:48-04:00" level=debug msg="  Fetching Install Config..."
time="2024-09-04T13:36:48-04:00" level=debug msg="  Reusing previously-fetched Install Config"
time="2024-09-04T13:36:48-04:00" level=debug msg="  Fetching Cluster ID..."
time="2024-09-04T13:36:48-04:00" level=debug msg="  Reusing previously-fetched Cluster ID"
time="2024-09-04T13:36:48-04:00" level=debug msg="  Fetching Kubeadmin Password..."
time="2024-09-04T13:36:48-04:00" level=debug msg="  Generating Kubeadmin Password..."
time="2024-09-04T13:36:48-04:00" level=debug msg="  Fetching OpenShift Install (Manifests)..."
time="2024-09-04T13:36:48-04:00" level=debug msg="  Generating OpenShift Install (Manifests)..."
time="2024-09-04T13:36:48-04:00" level=debug msg="  Fetching Feature Gate Config..."
time="2024-09-04T13:36:48-04:00" level=debug msg="    Fetching Install Config..."
time="2024-09-04T13:36:48-04:00" level=debug msg="    Reusing previously-fetched Install Config"
time="2024-09-04T13:36:48-04:00" level=debug msg="  Generating Feature Gate Config..."
time="2024-09-04T13:36:48-04:00" level=debug msg="  Fetching CloudCredsSecret..."
time="2024-09-04T13:36:48-04:00" level=debug msg="  Generating CloudCredsSecret..."
time="2024-09-04T13:36:48-04:00" level=debug msg="  Fetching KubeadminPasswordSecret..."
time="2024-09-04T13:36:48-04:00" level=debug msg="  Generating KubeadminPasswordSecret..."
time="2024-09-04T13:36:48-04:00" level=debug msg="  Fetching RoleCloudCredsSecretReader..."
time="2024-09-04T13:36:48-04:00" level=debug msg="  Generating RoleCloudCredsSecretReader..."
time="2024-09-04T13:36:48-04:00" level=debug msg="  Fetching Baremetal Config CR..."
time="2024-09-04T13:36:48-04:00" level=debug msg="  Generating Baremetal Config CR..."
time="2024-09-04T13:36:48-04:00" level=debug msg="  Fetching Image..."
time="2024-09-04T13:36:48-04:00" level=debug msg="  Reusing previously-fetched Image"
time="2024-09-04T13:36:48-04:00" level=debug msg="  Fetching AzureCloudProviderSecret..."
time="2024-09-04T13:36:48-04:00" level=debug msg="  Generating AzureCloudProviderSecret..."
time="2024-09-04T13:36:48-04:00" level=debug msg="Generating Openshift Manifests..."
time="2024-09-04T13:36:48-04:00" level=info msg="Manifests created in: /root/install/manifests and /root/install/openshift"
time="2024-09-04T13:36:54-04:00" level=debug msg="OpenShift Installer 4.14.35"
time="2024-09-04T13:36:54-04:00" level=debug msg="Built from commit 0363a65f4b5504f77bdb37fba93a3e0f4deadce1"
time="2024-09-04T13:36:54-04:00" level=debug msg="Fetching Kubeconfig Admin Client..."
time="2024-09-04T13:36:54-04:00" level=debug msg="Loading Kubeconfig Admin Client..."
time="2024-09-04T13:36:54-04:00" level=debug msg="  Loading Certificate (admin-kubeconfig-client)..."
time="2024-09-04T13:36:54-04:00" level=debug msg="    Loading Certificate (admin-kubeconfig-signer)..."
time="2024-09-04T13:36:54-04:00" level=debug msg="  Loading Certificate (kube-apiserver-complete-server-ca-bundle)..."
time="2024-09-04T13:36:54-04:00" level=debug msg="    Loading Certificate (kube-apiserver-localhost-ca-bundle)..."
time="2024-09-04T13:36:54-04:00" level=debug msg="      Loading Certificate (kube-apiserver-localhost-signer)..."
time="2024-09-04T13:36:54-04:00" level=debug msg="    Loading Certificate (kube-apiserver-service-network-ca-bundle)..."
time="2024-09-04T13:36:54-04:00" level=debug msg="      Loading Certificate (kube-apiserver-service-network-signer)..."
time="2024-09-04T13:36:54-04:00" level=debug msg="    Loading Certificate (kube-apiserver-lb-ca-bundle)..."
time="2024-09-04T13:36:54-04:00" level=debug msg="      Loading Certificate (kube-apiserver-lb-signer)..."
time="2024-09-04T13:36:54-04:00" level=debug msg="  Loading Install Config..."
time="2024-09-04T13:36:54-04:00" level=debug msg="    Loading SSH Key..."
time="2024-09-04T13:36:54-04:00" level=debug msg="    Loading Base Domain..."
time="2024-09-04T13:36:54-04:00" level=debug msg="      Loading Platform..."
time="2024-09-04T13:36:54-04:00" level=debug msg="    Loading Cluster Name..."
time="2024-09-04T13:36:54-04:00" level=debug msg="      Loading Base Domain..."
time="2024-09-04T13:36:54-04:00" level=debug msg="      Loading Platform..."
time="2024-09-04T13:36:54-04:00" level=debug msg="    Loading Networking..."
time="2024-09-04T13:36:54-04:00" level=debug msg="      Loading Platform..."
time="2024-09-04T13:36:54-04:00" level=debug msg="    Loading Pull Secret..."
time="2024-09-04T13:36:54-04:00" level=debug msg="    Loading Platform..."
time="2024-09-04T13:36:54-04:00" level=debug msg="  Using Install Config loaded from state file"
time="2024-09-04T13:36:54-04:00" level=debug msg="  Fetching Certificate (admin-kubeconfig-client)..."
time="2024-09-04T13:36:54-04:00" level=debug msg="    Fetching Certificate (admin-kubeconfig-signer)..."
time="2024-09-04T13:36:54-04:00" level=debug msg="    Generating Certificate (admin-kubeconfig-signer)..."
time="2024-09-04T13:36:54-04:00" level=debug msg="  Generating Certificate (admin-kubeconfig-client)..."
time="2024-09-04T13:36:54-04:00" level=debug msg="  Fetching Certificate (kube-apiserver-complete-server-ca-bundle)..."
time="2024-09-04T13:36:54-04:00" level=debug msg="    Fetching Certificate (kube-apiserver-localhost-ca-bundle)..."
time="2024-09-04T13:36:54-04:00" level=debug msg="      Fetching Certificate (kube-apiserver-localhost-signer)..."
time="2024-09-04T13:36:54-04:00" level=debug msg="      Generating Certificate (kube-apiserver-localhost-signer)..."
time="2024-09-04T13:36:54-04:00" level=debug msg="    Generating Certificate (kube-apiserver-localhost-ca-bundle)..."
time="2024-09-04T13:36:54-04:00" level=debug msg="    Fetching Certificate (kube-apiserver-service-network-ca-bundle)..."
time="2024-09-04T13:36:54-04:00" level=debug msg="      Fetching Certificate (kube-apiserver-service-network-signer)..."
time="2024-09-04T13:36:54-04:00" level=debug msg="      Generating Certificate (kube-apiserver-service-network-signer)..."
time="2024-09-04T13:36:55-04:00" level=debug msg="    Generating Certificate (kube-apiserver-service-network-ca-bundle)..."
time="2024-09-04T13:36:55-04:00" level=debug msg="    Fetching Certificate (kube-apiserver-lb-ca-bundle)..."
time="2024-09-04T13:36:55-04:00" level=debug msg="      Fetching Certificate (kube-apiserver-lb-signer)..."
time="2024-09-04T13:36:55-04:00" level=debug msg="      Generating Certificate (kube-apiserver-lb-signer)..."
time="2024-09-04T13:36:55-04:00" level=debug msg="    Generating Certificate (kube-apiserver-lb-ca-bundle)..."
time="2024-09-04T13:36:55-04:00" level=debug msg="  Generating Certificate (kube-apiserver-complete-server-ca-bundle)..."
time="2024-09-04T13:36:55-04:00" level=debug msg="  Fetching Install Config..."
time="2024-09-04T13:36:55-04:00" level=debug msg="  Reusing previously-fetched Install Config"
time="2024-09-04T13:36:55-04:00" level=debug msg="Generating Kubeconfig Admin Client..."
time="2024-09-04T13:36:55-04:00" level=debug msg="Fetching Kubeadmin Password..."
time="2024-09-04T13:36:55-04:00" level=debug msg="Loading Kubeadmin Password..."
time="2024-09-04T13:36:55-04:00" level=debug msg="Using Kubeadmin Password loaded from state file"
time="2024-09-04T13:36:55-04:00" level=debug msg="Reusing previously-fetched Kubeadmin Password"
time="2024-09-04T13:36:55-04:00" level=debug msg="Fetching Master Ignition Config..."
time="2024-09-04T13:36:55-04:00" level=debug msg="Loading Master Ignition Config..."
time="2024-09-04T13:36:55-04:00" level=debug msg="  Loading Install Config..."
time="2024-09-04T13:36:55-04:00" level=debug msg="  Loading Machine Config Server Root CA..."
time="2024-09-04T13:36:55-04:00" level=debug msg="  Using Machine Config Server Root CA loaded from state file"
time="2024-09-04T13:36:55-04:00" level=debug msg="Using Master Ignition Config loaded from state file"
time="2024-09-04T13:36:55-04:00" level=debug msg="Reusing previously-fetched Master Ignition Config"
time="2024-09-04T13:36:55-04:00" level=debug msg="Fetching Worker Ignition Config..."
time="2024-09-04T13:36:55-04:00" level=debug msg="Loading Worker Ignition Config..."
time="2024-09-04T13:36:55-04:00" level=debug msg="  Loading Install Config..."
time="2024-09-04T13:36:55-04:00" level=debug msg="  Loading Machine Config Server Root CA..."
time="2024-09-04T13:36:55-04:00" level=debug msg="Using Worker Ignition Config loaded from state file"
time="2024-09-04T13:36:55-04:00" level=debug msg="Reusing previously-fetched Worker Ignition Config"
time="2024-09-04T13:36:55-04:00" level=debug msg="Fetching Bootstrap Ignition Config..."
time="2024-09-04T13:36:55-04:00" level=debug msg="Loading Bootstrap Ignition Config..."
time="2024-09-04T13:36:55-04:00" level=debug msg="  Loading Ironic bootstrap credentials..."
time="2024-09-04T13:36:55-04:00" level=debug msg="  Loading CVO Ignore..."
time="2024-09-04T13:36:55-04:00" level=debug msg="    Loading Common Manifests..."
time="2024-09-04T13:36:55-04:00" level=debug msg="      Loading Cluster ID..."
time="2024-09-04T13:36:55-04:00" level=debug msg="        Loading Install Config..."
time="2024-09-04T13:36:55-04:00" level=debug msg="      Using Cluster ID loaded from state file"
time="2024-09-04T13:36:55-04:00" level=debug msg="      Loading Install Config..."
time="2024-09-04T13:36:55-04:00" level=debug msg="      Loading Ingress Config..."
time="2024-09-04T13:36:55-04:00" level=debug msg="        Loading Install Config..."
time="2024-09-04T13:36:55-04:00" level=debug msg="      Using Ingress Config loaded from state file"
time="2024-09-04T13:36:55-04:00" level=debug msg="      Loading DNS Config..."
time="2024-09-04T13:36:55-04:00" level=debug msg="        Loading Install Config..."
time="2024-09-04T13:36:55-04:00" level=debug msg="        Loading Cluster ID..."
time="2024-09-04T13:36:55-04:00" level=debug msg="        Loading Platform Credentials Check..."
time="2024-09-04T13:36:55-04:00" level=debug msg="          Loading Install Config..."
time="2024-09-04T13:36:55-04:00" level=debug msg="        Using Platform Credentials Check loaded from state file"
time="2024-09-04T13:36:55-04:00" level=debug msg="      Using DNS Config loaded from state file"
time="2024-09-04T13:36:55-04:00" level=debug msg="      Loading Infrastructure Config..."
time="2024-09-04T13:36:55-04:00" level=debug msg="        Loading Cluster ID..."
time="2024-09-04T13:36:55-04:00" level=debug msg="        Loading Install Config..."
time="2024-09-04T13:36:55-04:00" level=debug msg="        Loading Cloud Provider Config..."
time="2024-09-04T13:36:55-04:00" level=debug msg="          Loading Install Config..."
time="2024-09-04T13:36:55-04:00" level=debug msg="          Loading Cluster ID..."
time="2024-09-04T13:36:55-04:00" level=debug msg="          Loading Platform Credentials Check..."
time="2024-09-04T13:36:55-04:00" level=debug msg="        Using Cloud Provider Config loaded from state file"
time="2024-09-04T13:36:55-04:00" level=debug msg="        Loading Additional Trust Bundle Config..."
time="2024-09-04T13:36:55-04:00" level=debug msg="          Loading Install Config..."
time="2024-09-04T13:36:55-04:00" level=debug msg="        Using Additional Trust Bundle Config loaded from state file"
time="2024-09-04T13:36:55-04:00" level=debug msg="      Using Infrastructure Config loaded from state file"
time="2024-09-04T13:36:55-04:00" level=debug msg="      Loading Network Config..."
time="2024-09-04T13:36:55-04:00" level=debug msg="        Loading Install Config..."
time="2024-09-04T13:36:55-04:00" level=debug msg="        Loading Network CRDs..."
time="2024-09-04T13:36:55-04:00" level=debug msg="        Using Network CRDs loaded from state file"
time="2024-09-04T13:36:55-04:00" level=debug msg="      Using Network Config loaded from state file"
time="2024-09-04T13:36:55-04:00" level=debug msg="      Loading Proxy Config..."
time="2024-09-04T13:36:55-04:00" level=debug msg="        Loading Install Config..."
time="2024-09-04T13:36:55-04:00" level=debug msg="        Loading Network Config..."
time="2024-09-04T13:36:55-04:00" level=debug msg="      Using Proxy Config loaded from state file"
time="2024-09-04T13:36:55-04:00" level=debug msg="      Loading Scheduler Config..."
time="2024-09-04T13:36:55-04:00" level=debug msg="        Loading Install Config..."
time="2024-09-04T13:36:55-04:00" level=debug msg="      Using Scheduler Config loaded from state file"
time="2024-09-04T13:36:55-04:00" level=debug msg="      Loading Image Content Source Policy..."
time="2024-09-04T13:36:55-04:00" level=debug msg="        Loading Install Config..."
time="2024-09-04T13:36:55-04:00" level=debug msg="      Using Image Content Source Policy loaded from state file"
time="2024-09-04T13:36:55-04:00" level=debug msg="      Loading Cluster CSI Driver Config..."
time="2024-09-04T13:36:55-04:00" level=debug msg="        Loading Install Config..."
time="2024-09-04T13:36:55-04:00" level=debug msg="        Loading Cluster ID..."
time="2024-09-04T13:36:55-04:00" level=debug msg="      Using Cluster CSI Driver Config loaded from state file"
time="2024-09-04T13:36:55-04:00" level=debug msg="      Loading Image Digest Mirror Set..."
time="2024-09-04T13:36:55-04:00" level=debug msg="        Loading Install Config..."
time="2024-09-04T13:36:55-04:00" level=debug msg="      Using Image Digest Mirror Set loaded from state file"
time="2024-09-04T13:36:55-04:00" level=debug msg="      Loading Machine Config Server Root CA..."
time="2024-09-04T13:36:55-04:00" level=debug msg="      Loading Certificate (mcs)..."
time="2024-09-04T13:36:55-04:00" level=debug msg="        Loading Machine Config Server Root CA..."
time="2024-09-04T13:36:55-04:00" level=debug msg="        Loading Install Config..."
time="2024-09-04T13:36:55-04:00" level=debug msg="      Using Certificate (mcs) loaded from state file"
time="2024-09-04T13:36:55-04:00" level=debug msg="      Loading CVOOverrides..."
time="2024-09-04T13:36:55-04:00" level=debug msg="      Using CVOOverrides loaded from state file"
time="2024-09-04T13:36:55-04:00" level=debug msg="      Loading KubeCloudConfig..."
time="2024-09-04T13:36:55-04:00" level=debug msg="      Using KubeCloudConfig loaded from state file"
time="2024-09-04T13:36:55-04:00" level=debug msg="      Loading KubeSystemConfigmapRootCA..."
time="2024-09-04T13:36:55-04:00" level=debug msg="      Using KubeSystemConfigmapRootCA loaded from state file"
time="2024-09-04T13:36:55-04:00" level=debug msg="      Loading MachineConfigServerTLSSecret..."
time="2024-09-04T13:36:55-04:00" level=debug msg="      Using MachineConfigServerTLSSecret loaded from state file"
time="2024-09-04T13:36:55-04:00" level=debug msg="      Loading OpenshiftConfigSecretPullSecret..."
time="2024-09-04T13:36:55-04:00" level=debug msg="      Using OpenshiftConfigSecretPullSecret loaded from state file"
time="2024-09-04T13:36:55-04:00" level=debug msg="    Loading Common Manifests from both state file and target directory"
time="2024-09-04T13:36:55-04:00" level=debug msg="    Using Common Manifests loaded from target directory"
time="2024-09-04T13:36:55-04:00" level=debug msg="    Loading Openshift Manifests..."
time="2024-09-04T13:36:55-04:00" level=debug msg="      Loading Install Config..."
time="2024-09-04T13:36:55-04:00" level=debug msg="      Loading Cluster ID..."
time="2024-09-04T13:36:55-04:00" level=debug msg="      Loading Kubeadmin Password..."
time="2024-09-04T13:36:55-04:00" level=debug msg="      Loading OpenShift Install (Manifests)..."
time="2024-09-04T13:36:55-04:00" level=debug msg="      Loading OpenShift Install (Manifests) from both state file and target directory"
time="2024-09-04T13:36:55-04:00" level=debug msg="      On-disk OpenShift Install (Manifests) matches asset in state file"
time="2024-09-04T13:36:55-04:00" level=debug msg="      Using OpenShift Install (Manifests) loaded from state file"
time="2024-09-04T13:36:55-04:00" level=debug msg="      Loading Feature Gate Config..."
time="2024-09-04T13:36:55-04:00" level=debug msg="        Loading Install Config..."
time="2024-09-04T13:36:55-04:00" level=debug msg="      Using Feature Gate Config loaded from state file"
time="2024-09-04T13:36:55-04:00" level=debug msg="      Loading CloudCredsSecret..."
time="2024-09-04T13:36:55-04:00" level=debug msg="      Using CloudCredsSecret loaded from state file"
time="2024-09-04T13:36:55-04:00" level=debug msg="      Loading KubeadminPasswordSecret..."
time="2024-09-04T13:36:55-04:00" level=debug msg="      Using KubeadminPasswordSecret loaded from state file"
time="2024-09-04T13:36:55-04:00" level=debug msg="      Loading RoleCloudCredsSecretReader..."
time="2024-09-04T13:36:55-04:00" level=debug msg="      Using RoleCloudCredsSecretReader loaded from state file"
time="2024-09-04T13:36:55-04:00" level=debug msg="      Loading Baremetal Config CR..."
time="2024-09-04T13:36:55-04:00" level=debug msg="      Using Baremetal Config CR loaded from state file"
time="2024-09-04T13:36:55-04:00" level=debug msg="      Loading Image..."
time="2024-09-04T13:36:55-04:00" level=debug msg="        Loading Install Config..."
time="2024-09-04T13:36:55-04:00" level=debug msg="      Using Image loaded from state file"
time="2024-09-04T13:36:55-04:00" level=debug msg="      Loading AzureCloudProviderSecret..."
time="2024-09-04T13:36:55-04:00" level=debug msg="      Using AzureCloudProviderSecret loaded from state file"
time="2024-09-04T13:36:55-04:00" level=debug msg="    Loading Openshift Manifests from both state file and target directory"
time="2024-09-04T13:36:55-04:00" level=debug msg="    Using Openshift Manifests loaded from target directory"
time="2024-09-04T13:36:55-04:00" level=debug msg="  Loading Install Config..."
time="2024-09-04T13:36:55-04:00" level=debug msg="  Loading Kubeconfig Admin Internal Client..."
time="2024-09-04T13:36:55-04:00" level=debug msg="    Loading Certificate (admin-kubeconfig-client)..."
time="2024-09-04T13:36:55-04:00" level=debug msg="    Loading Certificate (kube-apiserver-complete-server-ca-bundle)..."
time="2024-09-04T13:36:55-04:00" level=debug msg="    Loading Install Config..."
time="2024-09-04T13:36:55-04:00" level=debug msg="  Loading Kubeconfig Kubelet..."
time="2024-09-04T13:36:55-04:00" level=debug msg="    Loading Certificate (kube-apiserver-complete-server-ca-bundle)..."
time="2024-09-04T13:36:55-04:00" level=debug msg="    Loading Certificate (kubelet-client)..."
time="2024-09-04T13:36:55-04:00" level=debug msg="      Loading Certificate (kubelet-bootstrap-kubeconfig-signer)..."
time="2024-09-04T13:36:55-04:00" level=debug msg="    Loading Install Config..."
time="2024-09-04T13:36:55-04:00" level=debug msg="  Loading Kubeconfig Admin Client (Loopback)..."
time="2024-09-04T13:36:55-04:00" level=debug msg="    Loading Certificate (admin-kubeconfig-client)..."
time="2024-09-04T13:36:55-04:00" level=debug msg="    Loading Certificate (kube-apiserver-localhost-ca-bundle)..."
time="2024-09-04T13:36:55-04:00" level=debug msg="    Loading Install Config..."
time="2024-09-04T13:36:55-04:00" level=debug msg="  Loading Master Ignition Customization Check..."
time="2024-09-04T13:36:55-04:00" level=debug msg="    Loading Install Config..."
time="2024-09-04T13:36:55-04:00" level=debug msg="    Loading Machine Config Server Root CA..."
time="2024-09-04T13:36:55-04:00" level=debug msg="    Loading Master Ignition Config..."
time="2024-09-04T13:36:55-04:00" level=debug msg="  Loading Worker Ignition Customization Check..."
time="2024-09-04T13:36:55-04:00" level=debug msg="    Loading Install Config..."
time="2024-09-04T13:36:55-04:00" level=debug msg="    Loading Machine Config Server Root CA..."
time="2024-09-04T13:36:55-04:00" level=debug msg="    Loading Worker Ignition Config..."
time="2024-09-04T13:36:55-04:00" level=debug msg="  Loading Master Machines..."
time="2024-09-04T13:36:55-04:00" level=debug msg="    Loading Cluster ID..."
time="2024-09-04T13:36:55-04:00" level=debug msg="    Loading Platform Credentials Check..."
time="2024-09-04T13:36:55-04:00" level=debug msg="    Loading Install Config..."
time="2024-09-04T13:36:55-04:00" level=debug msg="    Loading Image..."
time="2024-09-04T13:36:55-04:00" level=debug msg="    Loading Master Ignition Config..."
time="2024-09-04T13:36:55-04:00" level=debug msg="CPMS file missing. Ignoring it while loading machine asset."
time="2024-09-04T13:36:55-04:00" level=debug msg="  Loading Master Machines from both state file and target directory"
time="2024-09-04T13:36:55-04:00" level=debug msg="  Using Master Machines loaded from target directory"
time="2024-09-04T13:36:55-04:00" level=debug msg="  Loading Worker Machines..."
time="2024-09-04T13:36:55-04:00" level=debug msg="    Loading Cluster ID..."
time="2024-09-04T13:36:55-04:00" level=debug msg="    Loading Platform Credentials Check..."
time="2024-09-04T13:36:55-04:00" level=debug msg="    Loading Install Config..."
time="2024-09-04T13:36:55-04:00" level=debug msg="    Loading Image..."
time="2024-09-04T13:36:55-04:00" level=debug msg="    Loading Release..."
time="2024-09-04T13:36:55-04:00" level=debug msg="      Loading Install Config..."
time="2024-09-04T13:36:55-04:00" level=debug msg="    Using Release loaded from state file"
time="2024-09-04T13:36:55-04:00" level=debug msg="    Loading Worker Ignition Config..."
time="2024-09-04T13:36:55-04:00" level=debug msg="  Loading Worker Machines from both state file and target directory"
time="2024-09-04T13:36:55-04:00" level=debug msg="  Using Worker Machines loaded from target directory"
time="2024-09-04T13:36:55-04:00" level=debug msg="  Loading Common Manifests..."
time="2024-09-04T13:36:55-04:00" level=debug msg="  Loading Openshift Manifests..."
time="2024-09-04T13:36:55-04:00" level=debug msg="  Loading Proxy Config..."
time="2024-09-04T13:36:55-04:00" level=debug msg="  Loading Certificate (admin-kubeconfig-ca-bundle)..."
time="2024-09-04T13:36:55-04:00" level=debug msg="    Loading Certificate (admin-kubeconfig-signer)..."
time="2024-09-04T13:36:55-04:00" level=debug msg="  Loading Certificate (aggregator)..."
time="2024-09-04T13:36:55-04:00" level=debug msg="  Loading Certificate (aggregator-ca-bundle)..."
time="2024-09-04T13:36:55-04:00" level=debug msg="    Loading Certificate (aggregator-signer)..."
time="2024-09-04T13:36:55-04:00" level=debug msg="  Loading Certificate (system:kube-apiserver-proxy)..."
time="2024-09-04T13:36:55-04:00" level=debug msg="    Loading Certificate (aggregator-signer)..."
time="2024-09-04T13:36:55-04:00" level=debug msg="  Loading Certificate (aggregator-signer)..."
time="2024-09-04T13:36:55-04:00" level=debug msg="  Loading Certificate (system:kube-apiserver-proxy)..."
time="2024-09-04T13:36:55-04:00" level=debug msg="    Loading Certificate (aggregator)..."
time="2024-09-04T13:36:55-04:00" level=debug msg="  Loading Bootstrap SSH Key Pair..."
time="2024-09-04T13:36:55-04:00" level=debug msg="  Loading User-provided Service Account Signing key..."
time="2024-09-04T13:36:55-04:00" level=debug msg="  Loading Cloud Provider CA Bundle..."
time="2024-09-04T13:36:55-04:00" level=debug msg="    Loading Install Config..."
time="2024-09-04T13:36:55-04:00" level=debug msg="  Loading Certificate (journal-gatewayd)..."
time="2024-09-04T13:36:55-04:00" level=debug msg="    Loading Machine Config Server Root CA..."
time="2024-09-04T13:36:55-04:00" level=debug msg="  Loading Certificate (kube-apiserver-lb-ca-bundle)..."
time="2024-09-04T13:36:55-04:00" level=debug msg="  Loading Certificate (kube-apiserver-external-lb-server)..."
time="2024-09-04T13:36:55-04:00" level=debug msg="    Loading Certificate (kube-apiserver-lb-signer)..."
time="2024-09-04T13:36:55-04:00" level=debug msg="    Loading Install Config..."
time="2024-09-04T13:36:55-04:00" level=debug msg="  Loading Certificate (kube-apiserver-internal-lb-server)..."
time="2024-09-04T13:36:55-04:00" level=debug msg="    Loading Certificate (kube-apiserver-lb-signer)..."
time="2024-09-04T13:36:55-04:00" level=debug msg="    Loading Install Config..."
time="2024-09-04T13:36:55-04:00" level=debug msg="  Loading Certificate (kube-apiserver-lb-signer)..."
time="2024-09-04T13:36:55-04:00" level=debug msg="  Loading Certificate (kube-apiserver-localhost-ca-bundle)..."
time="2024-09-04T13:36:55-04:00" level=debug msg="  Loading Certificate (kube-apiserver-localhost-server)..."
time="2024-09-04T13:36:55-04:00" level=debug msg="    Loading Certificate (kube-apiserver-localhost-signer)..."
time="2024-09-04T13:36:55-04:00" level=debug msg="  Loading Certificate (kube-apiserver-localhost-signer)..."
time="2024-09-04T13:36:55-04:00" level=debug msg="  Loading Certificate (kube-apiserver-service-network-ca-bundle)..."
time="2024-09-04T13:36:55-04:00" level=debug msg="  Loading Certificate (kube-apiserver-service-network-server)..."
time="2024-09-04T13:36:55-04:00" level=debug msg="    Loading Certificate (kube-apiserver-service-network-signer)..."
time="2024-09-04T13:36:55-04:00" level=debug msg="    Loading Install Config..."
time="2024-09-04T13:36:55-04:00" level=debug msg="  Loading Certificate (kube-apiserver-service-network-signer)..."
time="2024-09-04T13:36:55-04:00" level=debug msg="  Loading Certificate (kube-apiserver-complete-server-ca-bundle)..."
time="2024-09-04T13:36:55-04:00" level=debug msg="  Loading Certificate (kube-apiserver-complete-client-ca-bundle)..."
time="2024-09-04T13:36:55-04:00" level=debug msg="    Loading Certificate (admin-kubeconfig-ca-bundle)..."
time="2024-09-04T13:36:55-04:00" level=debug msg="    Loading Certificate (kubelet-client-ca-bundle)..."
time="2024-09-04T13:36:55-04:00" level=debug msg="      Loading Certificate (kubelet-signer)..."
time="2024-09-04T13:36:55-04:00" level=debug msg="    Loading Certificate (kube-control-plane-ca-bundle)..."
time="2024-09-04T13:36:55-04:00" level=debug msg="      Loading Certificate (kube-control-plane-signer)..."
time="2024-09-04T13:36:55-04:00" level=debug msg="      Loading Certificate (kube-apiserver-lb-signer)..."
time="2024-09-04T13:36:55-04:00" level=debug msg="      Loading Certificate (kube-apiserver-localhost-signer)..."
time="2024-09-04T13:36:55-04:00" level=debug msg="      Loading Certificate (kube-apiserver-service-network-signer)..."
time="2024-09-04T13:36:55-04:00" level=debug msg="    Loading Certificate (kube-apiserver-to-kubelet-ca-bundle)..."
time="2024-09-04T13:36:55-04:00" level=debug msg="      Loading Certificate (kube-apiserver-to-kubelet-signer)..."
time="2024-09-04T13:36:55-04:00" level=debug msg="    Loading Certificate (kubelet-bootstrap-kubeconfig-ca-bundle)..."
time="2024-09-04T13:36:55-04:00" level=debug msg="      Loading Certificate (kubelet-bootstrap-kubeconfig-signer)..."
time="2024-09-04T13:36:55-04:00" level=debug msg="  Loading Certificate (kube-apiserver-to-kubelet-ca-bundle)..."
time="2024-09-04T13:36:55-04:00" level=debug msg="  Loading Certificate (kube-apiserver-to-kubelet-client)..."
time="2024-09-04T13:36:55-04:00" level=debug msg="    Loading Certificate (kube-apiserver-to-kubelet-signer)..."
time="2024-09-04T13:36:55-04:00" level=debug msg="  Loading Certificate (kube-apiserver-to-kubelet-signer)..."
time="2024-09-04T13:36:55-04:00" level=debug msg="  Loading Certificate (kube-control-plane-ca-bundle)..."
time="2024-09-04T13:36:55-04:00" level=debug msg="  Loading Certificate (kube-control-plane-kube-controller-manager-client)..."
time="2024-09-04T13:36:55-04:00" level=debug msg="    Loading Certificate (kube-control-plane-signer)..."
time="2024-09-04T13:36:55-04:00" level=debug msg="  Loading Certificate (kube-control-plane-kube-scheduler-client)..."
time="2024-09-04T13:36:55-04:00" level=debug msg="    Loading Certificate (kube-control-plane-signer)..."
time="2024-09-04T13:36:55-04:00" level=debug msg="  Loading Certificate (kube-control-plane-signer)..."
time="2024-09-04T13:36:55-04:00" level=debug msg="  Loading Certificate (kubelet-bootstrap-kubeconfig-ca-bundle)..."
time="2024-09-04T13:36:55-04:00" level=debug msg="  Loading Certificate (kubelet-client-ca-bundle)..."
time="2024-09-04T13:36:55-04:00" level=debug msg="  Loading Certificate (kubelet-client)..."
time="2024-09-04T13:36:55-04:00" level=debug msg="  Loading Certificate (kubelet-signer)..."
time="2024-09-04T13:36:55-04:00" level=debug msg="  Loading Certificate (kubelet-serving-ca-bundle)..."
time="2024-09-04T13:36:55-04:00" level=debug msg="    Loading Certificate (kubelet-signer)..."
time="2024-09-04T13:36:55-04:00" level=debug msg="  Loading Certificate (mcs)..."
time="2024-09-04T13:36:55-04:00" level=debug msg="  Loading Machine Config Server Root CA..."
time="2024-09-04T13:36:55-04:00" level=debug msg="  Loading Key Pair (service-account.pub)..."
time="2024-09-04T13:36:55-04:00" level=debug msg="  Loading Release Image Pull Spec..."
time="2024-09-04T13:36:55-04:00" level=debug msg="  Loading Image..."
time="2024-09-04T13:36:55-04:00" level=debug msg="  Fetching Ironic bootstrap credentials..."
time="2024-09-04T13:36:55-04:00" level=debug msg="  Generating Ironic bootstrap credentials..."
time="2024-09-04T13:36:55-04:00" level=debug msg="  Fetching CVO Ignore..."
time="2024-09-04T13:36:55-04:00" level=debug msg="    Fetching Common Manifests..."
time="2024-09-04T13:36:55-04:00" level=debug msg="    Reusing previously-fetched Common Manifests"
time="2024-09-04T13:36:55-04:00" level=debug msg="    Fetching Openshift Manifests..."
time="2024-09-04T13:36:55-04:00" level=debug msg="    Reusing previously-fetched Openshift Manifests"
time="2024-09-04T13:36:55-04:00" level=debug msg="  Generating CVO Ignore..."
time="2024-09-04T13:36:55-04:00" level=debug msg="  Fetching Install Config..."
time="2024-09-04T13:36:55-04:00" level=debug msg="  Reusing previously-fetched Install Config"
time="2024-09-04T13:36:55-04:00" level=debug msg="  Fetching Kubeconfig Admin Internal Client..."
time="2024-09-04T13:36:55-04:00" level=debug msg="    Fetching Certificate (admin-kubeconfig-client)..."
time="2024-09-04T13:36:55-04:00" level=debug msg="    Reusing previously-fetched Certificate (admin-kubeconfig-client)"
time="2024-09-04T13:36:55-04:00" level=debug msg="    Fetching Certificate (kube-apiserver-complete-server-ca-bundle)..."
time="2024-09-04T13:36:55-04:00" level=debug msg="    Reusing previously-fetched Certificate (kube-apiserver-complete-server-ca-bundle)"
time="2024-09-04T13:36:55-04:00" level=debug msg="    Fetching Install Config..."
time="2024-09-04T13:36:55-04:00" level=debug msg="    Reusing previously-fetched Install Config"
time="2024-09-04T13:36:55-04:00" level=debug msg="  Generating Kubeconfig Admin Internal Client..."
time="2024-09-04T13:36:55-04:00" level=debug msg="  Fetching Kubeconfig Kubelet..."
time="2024-09-04T13:36:55-04:00" level=debug msg="    Fetching Certificate (kube-apiserver-complete-server-ca-bundle)..."
time="2024-09-04T13:36:55-04:00" level=debug msg="    Reusing previously-fetched Certificate (kube-apiserver-complete-server-ca-bundle)"
time="2024-09-04T13:36:55-04:00" level=debug msg="    Fetching Certificate (kubelet-client)..."
time="2024-09-04T13:36:55-04:00" level=debug msg="      Fetching Certificate (kubelet-bootstrap-kubeconfig-signer)..."
time="2024-09-04T13:36:55-04:00" level=debug msg="      Generating Certificate (kubelet-bootstrap-kubeconfig-signer)..."
time="2024-09-04T13:36:55-04:00" level=debug msg="    Generating Certificate (kubelet-client)..."
time="2024-09-04T13:36:55-04:00" level=debug msg="    Fetching Install Config..."
time="2024-09-04T13:36:55-04:00" level=debug msg="    Reusing previously-fetched Install Config"
time="2024-09-04T13:36:55-04:00" level=debug msg="  Generating Kubeconfig Kubelet..."
time="2024-09-04T13:36:55-04:00" level=debug msg="  Fetching Kubeconfig Admin Client (Loopback)..."
time="2024-09-04T13:36:55-04:00" level=debug msg="    Fetching Certificate (admin-kubeconfig-client)..."
time="2024-09-04T13:36:55-04:00" level=debug msg="    Reusing previously-fetched Certificate (admin-kubeconfig-client)"
time="2024-09-04T13:36:55-04:00" level=debug msg="    Fetching Certificate (kube-apiserver-localhost-ca-bundle)..."
time="2024-09-04T13:36:55-04:00" level=debug msg="    Reusing previously-fetched Certificate (kube-apiserver-localhost-ca-bundle)"
time="2024-09-04T13:36:55-04:00" level=debug msg="    Fetching Install Config..."
time="2024-09-04T13:36:55-04:00" level=debug msg="    Reusing previously-fetched Install Config"
time="2024-09-04T13:36:55-04:00" level=debug msg="  Generating Kubeconfig Admin Client (Loopback)..."
time="2024-09-04T13:36:55-04:00" level=debug msg="  Fetching Master Ignition Customization Check..."
time="2024-09-04T13:36:55-04:00" level=debug msg="    Fetching Install Config..."
time="2024-09-04T13:36:55-04:00" level=debug msg="    Reusing previously-fetched Install Config"
time="2024-09-04T13:36:55-04:00" level=debug msg="    Fetching Machine Config Server Root CA..."
time="2024-09-04T13:36:55-04:00" level=debug msg="    Reusing previously-fetched Machine Config Server Root CA"
time="2024-09-04T13:36:55-04:00" level=debug msg="    Fetching Master Ignition Config..."
time="2024-09-04T13:36:55-04:00" level=debug msg="    Reusing previously-fetched Master Ignition Config"
time="2024-09-04T13:36:55-04:00" level=debug msg="  Generating Master Ignition Customization Check..."
time="2024-09-04T13:36:55-04:00" level=debug msg="  Fetching Worker Ignition Customization Check..."
time="2024-09-04T13:36:55-04:00" level=debug msg="    Fetching Install Config..."
time="2024-09-04T13:36:55-04:00" level=debug msg="    Reusing previously-fetched Install Config"
time="2024-09-04T13:36:55-04:00" level=debug msg="    Fetching Machine Config Server Root CA..."
time="2024-09-04T13:36:55-04:00" level=debug msg="    Reusing previously-fetched Machine Config Server Root CA"
time="2024-09-04T13:36:55-04:00" level=debug msg="    Fetching Worker Ignition Config..."
time="2024-09-04T13:36:55-04:00" level=debug msg="    Reusing previously-fetched Worker Ignition Config"
time="2024-09-04T13:36:55-04:00" level=debug msg="  Generating Worker Ignition Customization Check..."
time="2024-09-04T13:36:55-04:00" level=debug msg="  Fetching Master Machines..."
time="2024-09-04T13:36:55-04:00" level=debug msg="  Reusing previously-fetched Master Machines"
time="2024-09-04T13:36:55-04:00" level=debug msg="  Fetching Worker Machines..."
time="2024-09-04T13:36:55-04:00" level=debug msg="  Reusing previously-fetched Worker Machines"
time="2024-09-04T13:36:55-04:00" level=debug msg="  Fetching Common Manifests..."
time="2024-09-04T13:36:55-04:00" level=debug msg="  Reusing previously-fetched Common Manifests"
time="2024-09-04T13:36:55-04:00" level=debug msg="  Fetching Openshift Manifests..."
time="2024-09-04T13:36:55-04:00" level=debug msg="  Reusing previously-fetched Openshift Manifests"
time="2024-09-04T13:36:55-04:00" level=debug msg="  Fetching Proxy Config..."
time="2024-09-04T13:36:55-04:00" level=debug msg="  Reusing previously-fetched Proxy Config"
time="2024-09-04T13:36:55-04:00" level=debug msg="  Fetching Certificate (admin-kubeconfig-ca-bundle)..."
time="2024-09-04T13:36:55-04:00" level=debug msg="    Fetching Certificate (admin-kubeconfig-signer)..."
time="2024-09-04T13:36:55-04:00" level=debug msg="    Reusing previously-fetched Certificate (admin-kubeconfig-signer)"
time="2024-09-04T13:36:55-04:00" level=debug msg="  Generating Certificate (admin-kubeconfig-ca-bundle)..."
time="2024-09-04T13:36:55-04:00" level=debug msg="  Fetching Certificate (aggregator)..."
time="2024-09-04T13:36:55-04:00" level=debug msg="  Generating Certificate (aggregator)..."
time="2024-09-04T13:36:55-04:00" level=debug msg="  Fetching Certificate (aggregator-ca-bundle)..."
time="2024-09-04T13:36:55-04:00" level=debug msg="    Fetching Certificate (aggregator-signer)..."
time="2024-09-04T13:36:55-04:00" level=debug msg="    Generating Certificate (aggregator-signer)..."
time="2024-09-04T13:36:56-04:00" level=debug msg="  Generating Certificate (aggregator-ca-bundle)..."
time="2024-09-04T13:36:56-04:00" level=debug msg="  Fetching Certificate (system:kube-apiserver-proxy)..."
time="2024-09-04T13:36:56-04:00" level=debug msg="    Fetching Certificate (aggregator-signer)..."
time="2024-09-04T13:36:56-04:00" level=debug msg="    Reusing previously-fetched Certificate (aggregator-signer)"
time="2024-09-04T13:36:56-04:00" level=debug msg="  Generating Certificate (system:kube-apiserver-proxy)..."
time="2024-09-04T13:36:56-04:00" level=debug msg="  Fetching Certificate (aggregator-signer)..."
time="2024-09-04T13:36:56-04:00" level=debug msg="  Reusing previously-fetched Certificate (aggregator-signer)"
time="2024-09-04T13:36:56-04:00" level=debug msg="  Fetching Certificate (system:kube-apiserver-proxy)..."
time="2024-09-04T13:36:56-04:00" level=debug msg="    Fetching Certificate (aggregator)..."
time="2024-09-04T13:36:56-04:00" level=debug msg="    Reusing previously-fetched Certificate (aggregator)"
time="2024-09-04T13:36:56-04:00" level=debug msg="  Generating Certificate (system:kube-apiserver-proxy)..."
time="2024-09-04T13:36:56-04:00" level=debug msg="  Fetching Bootstrap SSH Key Pair..."
time="2024-09-04T13:36:56-04:00" level=debug msg="  Generating Bootstrap SSH Key Pair..."
time="2024-09-04T13:36:56-04:00" level=debug msg="  Fetching User-provided Service Account Signing key..."
time="2024-09-04T13:36:56-04:00" level=debug msg="  Generating User-provided Service Account Signing key..."
time="2024-09-04T13:36:56-04:00" level=debug msg="  Fetching Cloud Provider CA Bundle..."
time="2024-09-04T13:36:56-04:00" level=debug msg="    Fetching Install Config..."
time="2024-09-04T13:36:56-04:00" level=debug msg="    Reusing previously-fetched Install Config"
time="2024-09-04T13:36:56-04:00" level=debug msg="  Generating Cloud Provider CA Bundle..."
time="2024-09-04T13:36:56-04:00" level=debug msg="  Fetching Certificate (journal-gatewayd)..."
time="2024-09-04T13:36:56-04:00" level=debug msg="    Fetching Machine Config Server Root CA..."
time="2024-09-04T13:36:56-04:00" level=debug msg="    Reusing previously-fetched Machine Config Server Root CA"
time="2024-09-04T13:36:56-04:00" level=debug msg="  Generating Certificate (journal-gatewayd)..."
time="2024-09-04T13:36:56-04:00" level=debug msg="  Fetching Certificate (kube-apiserver-lb-ca-bundle)..."
time="2024-09-04T13:36:56-04:00" level=debug msg="  Reusing previously-fetched Certificate (kube-apiserver-lb-ca-bundle)"
time="2024-09-04T13:36:56-04:00" level=debug msg="  Fetching Certificate (kube-apiserver-external-lb-server)..."
time="2024-09-04T13:36:56-04:00" level=debug msg="    Fetching Certificate (kube-apiserver-lb-signer)..."
time="2024-09-04T13:36:56-04:00" level=debug msg="    Reusing previously-fetched Certificate (kube-apiserver-lb-signer)"
time="2024-09-04T13:36:56-04:00" level=debug msg="    Fetching Install Config..."
time="2024-09-04T13:36:56-04:00" level=debug msg="    Reusing previously-fetched Install Config"
time="2024-09-04T13:36:56-04:00" level=debug msg="  Generating Certificate (kube-apiserver-external-lb-server)..."
time="2024-09-04T13:36:56-04:00" level=debug msg="  Fetching Certificate (kube-apiserver-internal-lb-server)..."
time="2024-09-04T13:36:56-04:00" level=debug msg="    Fetching Certificate (kube-apiserver-lb-signer)..."
time="2024-09-04T13:36:56-04:00" level=debug msg="    Reusing previously-fetched Certificate (kube-apiserver-lb-signer)"
time="2024-09-04T13:36:56-04:00" level=debug msg="    Fetching Install Config..."
time="2024-09-04T13:36:56-04:00" level=debug msg="    Reusing previously-fetched Install Config"
time="2024-09-04T13:36:56-04:00" level=debug msg="  Generating Certificate (kube-apiserver-internal-lb-server)..."
time="2024-09-04T13:36:57-04:00" level=debug msg="  Fetching Certificate (kube-apiserver-lb-signer)..."
time="2024-09-04T13:36:57-04:00" level=debug msg="  Reusing previously-fetched Certificate (kube-apiserver-lb-signer)"
time="2024-09-04T13:36:57-04:00" level=debug msg="  Fetching Certificate (kube-apiserver-localhost-ca-bundle)..."
time="2024-09-04T13:36:57-04:00" level=debug msg="  Reusing previously-fetched Certificate (kube-apiserver-localhost-ca-bundle)"
time="2024-09-04T13:36:57-04:00" level=debug msg="  Fetching Certificate (kube-apiserver-localhost-server)..."
time="2024-09-04T13:36:57-04:00" level=debug msg="    Fetching Certificate (kube-apiserver-localhost-signer)..."
time="2024-09-04T13:36:57-04:00" level=debug msg="    Reusing previously-fetched Certificate (kube-apiserver-localhost-signer)"
time="2024-09-04T13:36:57-04:00" level=debug msg="  Generating Certificate (kube-apiserver-localhost-server)..."
time="2024-09-04T13:36:57-04:00" level=debug msg="  Fetching Certificate (kube-apiserver-localhost-signer)..."
time="2024-09-04T13:36:57-04:00" level=debug msg="  Reusing previously-fetched Certificate (kube-apiserver-localhost-signer)"
time="2024-09-04T13:36:57-04:00" level=debug msg="  Fetching Certificate (kube-apiserver-service-network-ca-bundle)..."
time="2024-09-04T13:36:57-04:00" level=debug msg="  Reusing previously-fetched Certificate (kube-apiserver-service-network-ca-bundle)"
time="2024-09-04T13:36:57-04:00" level=debug msg="  Fetching Certificate (kube-apiserver-service-network-server)..."
time="2024-09-04T13:36:57-04:00" level=debug msg="    Fetching Certificate (kube-apiserver-service-network-signer)..."
time="2024-09-04T13:36:57-04:00" level=debug msg="    Reusing previously-fetched Certificate (kube-apiserver-service-network-signer)"
time="2024-09-04T13:36:57-04:00" level=debug msg="    Fetching Install Config..."
time="2024-09-04T13:36:57-04:00" level=debug msg="    Reusing previously-fetched Install Config"
time="2024-09-04T13:36:57-04:00" level=debug msg="  Generating Certificate (kube-apiserver-service-network-server)..."
time="2024-09-04T13:36:57-04:00" level=debug msg="  Fetching Certificate (kube-apiserver-service-network-signer)..."
time="2024-09-04T13:36:57-04:00" level=debug msg="  Reusing previously-fetched Certificate (kube-apiserver-service-network-signer)"
time="2024-09-04T13:36:57-04:00" level=debug msg="  Fetching Certificate (kube-apiserver-complete-server-ca-bundle)..."
time="2024-09-04T13:36:57-04:00" level=debug msg="  Reusing previously-fetched Certificate (kube-apiserver-complete-server-ca-bundle)"
time="2024-09-04T13:36:57-04:00" level=debug msg="  Fetching Certificate (kube-apiserver-complete-client-ca-bundle)..."
time="2024-09-04T13:36:57-04:00" level=debug msg="    Fetching Certificate (admin-kubeconfig-ca-bundle)..."
time="2024-09-04T13:36:57-04:00" level=debug msg="    Reusing previously-fetched Certificate (admin-kubeconfig-ca-bundle)"
time="2024-09-04T13:36:57-04:00" level=debug msg="    Fetching Certificate (kubelet-client-ca-bundle)..."
time="2024-09-04T13:36:57-04:00" level=debug msg="      Fetching Certificate (kubelet-signer)..."
time="2024-09-04T13:36:57-04:00" level=debug msg="      Generating Certificate (kubelet-signer)..."
time="2024-09-04T13:36:57-04:00" level=debug msg="    Generating Certificate (kubelet-client-ca-bundle)..."
time="2024-09-04T13:36:57-04:00" level=debug msg="    Fetching Certificate (kube-control-plane-ca-bundle)..."
time="2024-09-04T13:36:57-04:00" level=debug msg="      Fetching Certificate (kube-control-plane-signer)..."
time="2024-09-04T13:36:57-04:00" level=debug msg="      Generating Certificate (kube-control-plane-signer)..."
time="2024-09-04T13:36:57-04:00" level=debug msg="      Fetching Certificate (kube-apiserver-lb-signer)..."
time="2024-09-04T13:36:57-04:00" level=debug msg="      Reusing previously-fetched Certificate (kube-apiserver-lb-signer)"
time="2024-09-04T13:36:57-04:00" level=debug msg="      Fetching Certificate (kube-apiserver-localhost-signer)..."
time="2024-09-04T13:36:57-04:00" level=debug msg="      Reusing previously-fetched Certificate (kube-apiserver-localhost-signer)"
time="2024-09-04T13:36:57-04:00" level=debug msg="      Fetching Certificate (kube-apiserver-service-network-signer)..."
time="2024-09-04T13:36:57-04:00" level=debug msg="      Reusing previously-fetched Certificate (kube-apiserver-service-network-signer)"
time="2024-09-04T13:36:57-04:00" level=debug msg="    Generating Certificate (kube-control-plane-ca-bundle)..."
time="2024-09-04T13:36:57-04:00" level=debug msg="    Fetching Certificate (kube-apiserver-to-kubelet-ca-bundle)..."
time="2024-09-04T13:36:57-04:00" level=debug msg="      Fetching Certificate (kube-apiserver-to-kubelet-signer)..."
time="2024-09-04T13:36:57-04:00" level=debug msg="      Generating Certificate (kube-apiserver-to-kubelet-signer)..."
time="2024-09-04T13:36:58-04:00" level=debug msg="    Generating Certificate (kube-apiserver-to-kubelet-ca-bundle)..."
time="2024-09-04T13:36:58-04:00" level=debug msg="    Fetching Certificate (kubelet-bootstrap-kubeconfig-ca-bundle)..."
time="2024-09-04T13:36:58-04:00" level=debug msg="      Fetching Certificate (kubelet-bootstrap-kubeconfig-signer)..."
time="2024-09-04T13:36:58-04:00" level=debug msg="      Reusing previously-fetched Certificate (kubelet-bootstrap-kubeconfig-signer)"
time="2024-09-04T13:36:58-04:00" level=debug msg="    Generating Certificate (kubelet-bootstrap-kubeconfig-ca-bundle)..."
time="2024-09-04T13:36:58-04:00" level=debug msg="  Generating Certificate (kube-apiserver-complete-client-ca-bundle)..."
time="2024-09-04T13:36:58-04:00" level=debug msg="  Fetching Certificate (kube-apiserver-to-kubelet-ca-bundle)..."
time="2024-09-04T13:36:58-04:00" level=debug msg="  Reusing previously-fetched Certificate (kube-apiserver-to-kubelet-ca-bundle)"
time="2024-09-04T13:36:58-04:00" level=debug msg="  Fetching Certificate (kube-apiserver-to-kubelet-client)..."
time="2024-09-04T13:36:58-04:00" level=debug msg="    Fetching Certificate (kube-apiserver-to-kubelet-signer)..."
time="2024-09-04T13:36:58-04:00" level=debug msg="    Reusing previously-fetched Certificate (kube-apiserver-to-kubelet-signer)"
time="2024-09-04T13:36:58-04:00" level=debug msg="  Generating Certificate (kube-apiserver-to-kubelet-client)..."
time="2024-09-04T13:36:58-04:00" level=debug msg="  Fetching Certificate (kube-apiserver-to-kubelet-signer)..."
time="2024-09-04T13:36:58-04:00" level=debug msg="  Reusing previously-fetched Certificate (kube-apiserver-to-kubelet-signer)"
time="2024-09-04T13:36:58-04:00" level=debug msg="  Fetching Certificate (kube-control-plane-ca-bundle)..."
time="2024-09-04T13:36:58-04:00" level=debug msg="  Reusing previously-fetched Certificate (kube-control-plane-ca-bundle)"
time="2024-09-04T13:36:58-04:00" level=debug msg="  Fetching Certificate (kube-control-plane-kube-controller-manager-client)..."
time="2024-09-04T13:36:58-04:00" level=debug msg="    Fetching Certificate (kube-control-plane-signer)..."
time="2024-09-04T13:36:58-04:00" level=debug msg="    Reusing previously-fetched Certificate (kube-control-plane-signer)"
time="2024-09-04T13:36:58-04:00" level=debug msg="  Generating Certificate (kube-control-plane-kube-controller-manager-client)..."
time="2024-09-04T13:36:58-04:00" level=debug msg="  Fetching Certificate (kube-control-plane-kube-scheduler-client)..."
time="2024-09-04T13:36:58-04:00" level=debug msg="    Fetching Certificate (kube-control-plane-signer)..."
time="2024-09-04T13:36:58-04:00" level=debug msg="    Reusing previously-fetched Certificate (kube-control-plane-signer)"
time="2024-09-04T13:36:58-04:00" level=debug msg="  Generating Certificate (kube-control-plane-kube-scheduler-client)..."
time="2024-09-04T13:36:58-04:00" level=debug msg="  Fetching Certificate (kube-control-plane-signer)..."
time="2024-09-04T13:36:58-04:00" level=debug msg="  Reusing previously-fetched Certificate (kube-control-plane-signer)"
time="2024-09-04T13:36:58-04:00" level=debug msg="  Fetching Certificate (kubelet-bootstrap-kubeconfig-ca-bundle)..."
time="2024-09-04T13:36:58-04:00" level=debug msg="  Reusing previously-fetched Certificate (kubelet-bootstrap-kubeconfig-ca-bundle)"
time="2024-09-04T13:36:58-04:00" level=debug msg="  Fetching Certificate (kubelet-client-ca-bundle)..."
time="2024-09-04T13:36:58-04:00" level=debug msg="  Reusing previously-fetched Certificate (kubelet-client-ca-bundle)"
time="2024-09-04T13:36:58-04:00" level=debug msg="  Fetching Certificate (kubelet-client)..."
time="2024-09-04T13:36:58-04:00" level=debug msg="  Reusing previously-fetched Certificate (kubelet-client)"
time="2024-09-04T13:36:58-04:00" level=debug msg="  Fetching Certificate (kubelet-signer)..."
time="2024-09-04T13:36:58-04:00" level=debug msg="  Reusing previously-fetched Certificate (kubelet-signer)"
time="2024-09-04T13:36:58-04:00" level=debug msg="  Fetching Certificate (kubelet-serving-ca-bundle)..."
time="2024-09-04T13:36:58-04:00" level=debug msg="    Fetching Certificate (kubelet-signer)..."
time="2024-09-04T13:36:58-04:00" level=debug msg="    Reusing previously-fetched Certificate (kubelet-signer)"
time="2024-09-04T13:36:58-04:00" level=debug msg="  Generating Certificate (kubelet-serving-ca-bundle)..."
time="2024-09-04T13:36:58-04:00" level=debug msg="  Fetching Certificate (mcs)..."
time="2024-09-04T13:36:58-04:00" level=debug msg="  Reusing previously-fetched Certificate (mcs)"
time="2024-09-04T13:36:58-04:00" level=debug msg="  Fetching Machine Config Server Root CA..."
time="2024-09-04T13:36:58-04:00" level=debug msg="  Reusing previously-fetched Machine Config Server Root CA"
time="2024-09-04T13:36:58-04:00" level=debug msg="  Fetching Key Pair (service-account.pub)..."
time="2024-09-04T13:36:58-04:00" level=debug msg="  Generating Key Pair (service-account.pub)..."
time="2024-09-04T13:36:59-04:00" level=debug msg="  Fetching Release Image Pull Spec..."
time="2024-09-04T13:36:59-04:00" level=debug msg="  Generating Release Image Pull Spec..."
time="2024-09-04T13:36:59-04:00" level=debug msg="Using internal constant for release image quay.io/openshift-release-dev/ocp-release@sha256:b7eec1dc05c406eebbc27d99b084dfd276d60131e406d94c6f6efe2f60d0bb17"
time="2024-09-04T13:36:59-04:00" level=debug msg="  Fetching Image..."
time="2024-09-04T13:36:59-04:00" level=debug msg="  Reusing previously-fetched Image"
time="2024-09-04T13:36:59-04:00" level=debug msg="Generating Bootstrap Ignition Config..."
time="2024-09-04T13:36:59-04:00" level=info msg="Consuming Master Machines from target directory"
time="2024-09-04T13:36:59-04:00" level=debug msg="Purging asset \"Master Machines\" from disk"
time="2024-09-04T13:36:59-04:00" level=info msg="Consuming OpenShift Install (Manifests) from target directory"
time="2024-09-04T13:36:59-04:00" level=debug msg="Purging asset \"OpenShift Install (Manifests)\" from disk"
time="2024-09-04T13:36:59-04:00" level=info msg="Consuming Common Manifests from target directory"
time="2024-09-04T13:36:59-04:00" level=debug msg="Purging asset \"Common Manifests\" from disk"
time="2024-09-04T13:36:59-04:00" level=info msg="Consuming Openshift Manifests from target directory"
time="2024-09-04T13:36:59-04:00" level=debug msg="Purging asset \"Openshift Manifests\" from disk"
time="2024-09-04T13:36:59-04:00" level=info msg="Consuming Worker Machines from target directory"
time="2024-09-04T13:36:59-04:00" level=debug msg="Purging asset \"Worker Machines\" from disk"
time="2024-09-04T13:36:59-04:00" level=debug msg="Fetching Metadata..."
time="2024-09-04T13:36:59-04:00" level=debug msg="Loading Metadata..."
time="2024-09-04T13:36:59-04:00" level=debug msg="  Loading Cluster ID..."
time="2024-09-04T13:36:59-04:00" level=debug msg="  Loading Install Config..."
time="2024-09-04T13:36:59-04:00" level=debug msg="  Loading Bootstrap Ignition Config..."
time="2024-09-04T13:36:59-04:00" level=debug msg="  Fetching Cluster ID..."
time="2024-09-04T13:36:59-04:00" level=debug msg="  Reusing previously-fetched Cluster ID"
time="2024-09-04T13:36:59-04:00" level=debug msg="  Fetching Install Config..."
time="2024-09-04T13:36:59-04:00" level=debug msg="  Reusing previously-fetched Install Config"
time="2024-09-04T13:36:59-04:00" level=debug msg="  Fetching Bootstrap Ignition Config..."
time="2024-09-04T13:36:59-04:00" level=debug msg="  Reusing previously-fetched Bootstrap Ignition Config"
time="2024-09-04T13:36:59-04:00" level=debug msg="Generating Metadata..."
time="2024-09-04T13:36:59-04:00" level=info msg="Ignition-Configs created in: /root/install and /root/install/auth"
time="2024-09-04T13:48:31-04:00" level=debug msg="OpenShift Installer 4.14.35"
time="2024-09-04T13:48:31-04:00" level=debug msg="Built from commit 0363a65f4b5504f77bdb37fba93a3e0f4deadce1"
time="2024-09-04T13:48:31-04:00" level=info msg="Waiting up to 20m0s (until 2:08PM EDT) for the Kubernetes API at https://api.p1293.cecc.ihost.com:6443..."
time="2024-09-04T13:48:31-04:00" level=debug msg="Loading Agent Config..."
time="2024-09-04T13:48:31-04:00" level=info msg="API v1.27.16+e826056 up"
time="2024-09-04T13:48:31-04:00" level=debug msg="Loading Install Config..."
time="2024-09-04T13:48:31-04:00" level=debug msg="  Loading SSH Key..."
time="2024-09-04T13:48:31-04:00" level=debug msg="  Loading Base Domain..."
time="2024-09-04T13:48:31-04:00" level=debug msg="    Loading Platform..."
time="2024-09-04T13:48:31-04:00" level=debug msg="  Loading Cluster Name..."
time="2024-09-04T13:48:31-04:00" level=debug msg="    Loading Base Domain..."
time="2024-09-04T13:48:31-04:00" level=debug msg="    Loading Platform..."
time="2024-09-04T13:48:31-04:00" level=debug msg="  Loading Networking..."
time="2024-09-04T13:48:31-04:00" level=debug msg="    Loading Platform..."
time="2024-09-04T13:48:31-04:00" level=debug msg="  Loading Pull Secret..."
time="2024-09-04T13:48:31-04:00" level=debug msg="  Loading Platform..."
time="2024-09-04T13:48:31-04:00" level=debug msg="Using Install Config loaded from state file"
time="2024-09-04T13:48:31-04:00" level=info msg="Waiting up to 30m0s (until 2:18PM EDT) for bootstrapping to complete..."
time="2024-09-04T14:02:44-04:00" level=debug msg="Bootstrap status: complete"
time="2024-09-04T14:02:44-04:00" level=info msg="It is now safe to remove the bootstrap resources"
time="2024-09-04T14:02:44-04:00" level=debug msg="Time elapsed per stage:"
time="2024-09-04T14:02:44-04:00" level=debug msg="Bootstrap Complete: 14m14s"
time="2024-09-04T14:02:44-04:00" level=info msg="Time elapsed: 14m14s"
time="2024-09-04T14:02:45-04:00" level=debug msg="OpenShift Installer 4.14.35"
time="2024-09-04T14:02:45-04:00" level=debug msg="Built from commit 0363a65f4b5504f77bdb37fba93a3e0f4deadce1"
time="2024-09-04T14:02:45-04:00" level=debug msg="Loading Install Config..."
time="2024-09-04T14:02:45-04:00" level=debug msg="  Loading SSH Key..."
time="2024-09-04T14:02:45-04:00" level=debug msg="  Loading Base Domain..."
time="2024-09-04T14:02:45-04:00" level=debug msg="    Loading Platform..."
time="2024-09-04T14:02:45-04:00" level=debug msg="  Loading Cluster Name..."
time="2024-09-04T14:02:45-04:00" level=debug msg="    Loading Base Domain..."
time="2024-09-04T14:02:45-04:00" level=debug msg="    Loading Platform..."
time="2024-09-04T14:02:45-04:00" level=debug msg="  Loading Networking..."
time="2024-09-04T14:02:45-04:00" level=debug msg="    Loading Platform..."
time="2024-09-04T14:02:45-04:00" level=debug msg="  Loading Pull Secret..."
time="2024-09-04T14:02:45-04:00" level=debug msg="  Loading Platform..."
time="2024-09-04T14:02:45-04:00" level=debug msg="Using Install Config loaded from state file"
time="2024-09-04T14:02:45-04:00" level=debug msg="Loading Agent Config..."
time="2024-09-04T14:02:45-04:00" level=info msg="Waiting up to 40m0s (until 2:42PM EDT) for the cluster at https://api.p1293.cecc.ihost.com:6443 to initialize..."
time="2024-09-04T14:02:45-04:00" level=debug msg="Still waiting for the cluster to initialize: Multiple errors are preventing progress:\n* Cluster operators authentication, image-registry, insights, kube-apiserver, kube-scheduler, monitoring, openshift-apiserver, openshift-controller-manager, openshift-samples, operator-lifecycle-manager-packageserver are not available\n* Could not update imagestream \"openshift/driver-toolkit\" (601 of 860): the server is down or not responding\n* Could not update oauthclient \"console\" (543 of 860): the server does not recognize this resource, check extension API servers\n* Could not update role \"openshift-console-operator/prometheus-k8s\" (779 of 860): resource may have been deleted\n* Could not update role \"openshift-console/prometheus-k8s\" (782 of 860): resource may have been deleted"
time="2024-09-04T14:02:59-04:00" level=debug msg="Still waiting for the cluster to initialize: Working towards 4.14.35"
time="2024-09-04T14:02:59-04:00" level=debug msg="Still waiting for the cluster to initialize: Working towards 4.14.35: 5 of 860 done (0% complete)"
time="2024-09-04T14:02:59-04:00" level=debug msg="Still waiting for the cluster to initialize: Working towards 4.14.35: 45 of 860 done (5% complete)"
time="2024-09-04T14:02:59-04:00" level=debug msg="Still waiting for the cluster to initialize: Working towards 4.14.35: 75 of 860 done (8% complete)"
time="2024-09-04T14:03:14-04:00" level=debug msg="Still waiting for the cluster to initialize: Working towards 4.14.35: 657 of 860 done (76% complete)"
time="2024-09-04T14:03:29-04:00" level=debug msg="Still waiting for the cluster to initialize: Cluster operators authentication, console, monitoring, openshift-samples are not available"
time="2024-09-04T14:05:44-04:00" level=debug msg="Still waiting for the cluster to initialize: Cluster operators authentication, console, monitoring, openshift-samples are not available"
time="2024-09-04T14:05:44-04:00" level=debug msg="Still waiting for the cluster to initialize: Multiple errors are preventing progress:\n* Cluster operators authentication, console, monitoring are not available\n* Could not update imagestream \"openshift/cli-artifacts\" (499 of 860)"
time="2024-09-04T14:06:14-04:00" level=debug msg="Still waiting for the cluster to initialize: Cluster operators authentication, console, image-registry, monitoring are not available"
time="2024-09-04T14:06:29-04:00" level=debug msg="Still waiting for the cluster to initialize: Cluster operators authentication, console, monitoring are not available"
time="2024-09-04T14:06:59-04:00" level=debug msg="Still waiting for the cluster to initialize: Cluster operators authentication, console are not available"
time="2024-09-04T14:07:41-04:00" level=debug msg="Still waiting for the cluster to initialize: Cluster operators authentication, console are not available"
time="2024-09-04T14:08:29-04:00" level=debug msg="Still waiting for the cluster to initialize: Cluster operator authentication is not available"
time="2024-09-04T14:08:59-04:00" level=debug msg="Still waiting for the cluster to initialize: Cluster operator network is degraded"
time="2024-09-04T14:12:29-04:00" level=debug msg="Cluster is initialized"
time="2024-09-04T14:12:29-04:00" level=info msg="Checking to see if there is a route at openshift-console/console..."
time="2024-09-04T14:12:29-04:00" level=debug msg="Route found in openshift-console namespace: console"
time="2024-09-04T14:12:29-04:00" level=debug msg="OpenShift console route is admitted"
time="2024-09-04T14:12:29-04:00" level=info msg="Install complete!"
time="2024-09-04T14:12:29-04:00" level=info msg="To access the cluster as the system:admin user when using 'oc', run 'export KUBECONFIG=/root/install/auth/kubeconfig'"
time="2024-09-04T14:12:29-04:00" level=info msg="Access the OpenShift web-console here: https://console-openshift-console.apps.p1293.cecc.ihost.com"
time="2024-09-04T14:12:29-04:00" level=info msg="Login to the console with user: \"kubeadmin\", and password: \"CQckn-39CQ3-cviKs-ibW2R\""
time="2024-09-04T14:12:29-04:00" level=debug msg="Time elapsed per stage:"
time="2024-09-04T14:12:29-04:00" level=debug msg="Cluster Operators: 9m43s"
time="2024-09-04T14:12:29-04:00" level=info msg="Time elapsed: 9m43s"
time="2024-09-04T14:25:16-04:00" level=debug msg="OpenShift Installer 4.14.35"
time="2024-09-04T14:25:16-04:00" level=debug msg="Built from commit 0363a65f4b5504f77bdb37fba93a3e0f4deadce1"
time="2024-09-04T14:25:16-04:00" level=debug msg="Fetching Bootstrap SSH Key Pair..."
time="2024-09-04T14:25:16-04:00" level=debug msg="Loading Bootstrap SSH Key Pair..."
time="2024-09-04T14:25:16-04:00" level=debug msg="Using Bootstrap SSH Key Pair loaded from state file"
time="2024-09-04T14:25:16-04:00" level=debug msg="Reusing previously-fetched Bootstrap SSH Key Pair"
time="2024-09-04T14:25:17-04:00" level=info msg="Skipping VM console logs gather: no platform configured in metadata"
time="2024-09-04T14:25:17-04:00" level=info msg="Pulling debug logs from the bootstrap machine"
time="2024-09-04T14:25:17-04:00" level=debug msg="failed to parse SSH private key from \"/root/.ssh/authorized_keys\""
time="2024-09-04T14:25:17-04:00" level=debug msg="failed to parse SSH private key from \"/root/.ssh/config\""
time="2024-09-04T14:25:17-04:00" level=debug msg="failed to parse SSH private key from \"/root/.ssh/id_rsa.pub\""
time="2024-09-04T14:25:17-04:00" level=debug msg="failed to parse SSH private key from \"/root/.ssh/known_hosts\""
time="2024-09-04T14:25:17-04:00" level=debug msg="Added /tmp/bootstrap-ssh4047706768 to installer's internal agent"
time="2024-09-04T14:25:17-04:00" level=debug msg="Added /root/.ssh/id_rsa to installer's internal agent"
time="2024-09-04T14:25:18-04:00" level=debug msg="bash: line 1: /usr/local/bin/installer-gather.sh: No such file or directory"
time="2024-09-04T14:25:18-04:00" level=fatal msg="failed to run remote command: Process exited with status 127"
